Flutter crash report.
Please report a bug at https://github.com/flutter/flutter/issues.

## command

flutter create .

## exception

_Exception: Exception: Source directory "C:\Users\USER\.puro\envs\stable\flutter\bin\cache\artifacts\gradle_wrapper" does not exist, nothing to copy

```
#0      copyDirectory (package:flutter_tools/src/base/file_system.dart:138:5)
#1      CreateBase._injectGradleWrapper (package:flutter_tools/src/commands/create_base.dart:637:5)
#2      CreateBase.generateApp (package:flutter_tools/src/commands/create_base.dart:476:25)
<asynchronous suspension>
#3      CreateCommand.runCommand (package:flutter_tools/src/commands/create.dart:482:31)
<asynchronous suspension>
#4      FlutterCommand.run.<anonymous closure> (package:flutter_tools/src/runner/flutter_command.dart:1590:27)
<asynchronous suspension>
#5      AppContext.run.<anonymous closure> (package:flutter_tools/src/base/context.dart:154:19)
<asynchronous suspension>
#6      CommandRunner.runCommand (package:args/command_runner.dart:212:13)
<asynchronous suspension>
#7      FlutterCommandRunner.runCommand.<anonymous closure> (package:flutter_tools/src/runner/flutter_command_runner.dart:496:9)
<asynchronous suspension>
#8      AppContext.run.<anonymous closure> (package:flutter_tools/src/base/context.dart:154:19)
<asynchronous suspension>
#9      FlutterCommandRunner.runCommand (package:flutter_tools/src/runner/flutter_command_runner.dart:431:5)
<asynchronous suspension>
#10     FlutterCommandRunner.run.<anonymous closure> (package:flutter_tools/src/runner/flutter_command_runner.dart:307:33)
<asynchronous suspension>
#11     run.<anonymous closure>.<anonymous closure> (package:flutter_tools/runner.dart:104:11)
<asynchronous suspension>
#12     AppContext.run.<anonymous closure> (package:flutter_tools/src/base/context.dart:154:19)
<asynchronous suspension>
#13     main (package:flutter_tools/executable.dart:103:3)
<asynchronous suspension>
```

## flutter doctor

```
[!] Flutter (Channel stable, 3.41.6, on Microsoft Windows [版本 10.0.26200.8037], locale zh-TW) [277ms]
    • Flutter version 3.41.6 on channel stable at C:\Users\USER\.puro\envs\stable\flutter
    ! The flutter binary is not on your path. Consider adding C:\Users\USER\.puro\envs\stable\flutter\bin to your path.
    ! The dart binary is not on your path. Consider adding C:\Users\USER\.puro\envs\stable\flutter\bin to your path.
    • Upstream repository https://github.com/flutter/flutter.git
    • Framework revision db50e20168 (3 weeks ago), 2026-03-25 16:21:00 -0700
    • Engine revision 425cfb54d0
    • Dart version 3.11.4
    • DevTools version 2.54.2
    • Feature flags: enable-web, enable-linux-desktop, enable-macos-desktop, enable-windows-desktop, enable-android, enable-ios, cli-animations, enable-native-assets, omit-legacy-version-file, enable-lldb-debugging, enable-uiscene-migration
    • If those were intentional, you can disregard the above warnings; however it is recommended to use "git" directly to perform update checks and upgrades.

[✓] Windows Version (11 專業版 64-bit, 25H2, 2009) [768ms]

[✗] Android toolchain - develop for Android devices [109ms]
    ✗ Unable to locate Android SDK.
      Install Android Studio from: https://developer.android.com/studio/index.html
      On first launch it will assist you in installing the Android SDK components.
      (or visit https://flutter.dev/to/windows-android-setup for detailed instructions).
      If the Android SDK has been installed to a custom location, please use
      `flutter config --android-sdk` to update to that location.


[✓] Chrome - develop for the web [97ms]
    • Chrome at C:\Program Files\Google\Chrome\Application\chrome.exe

[✓] Visual Studio - develop Windows apps (Visual Studio Build Tools 2019 16.11.33) [96ms]
    • Visual Studio at C:\Program Files (x86)\Microsoft Visual Studio\2019\BuildTools
    • Visual Studio Build Tools 2019 version 16.11.34407.143
    • Windows 10 SDK version 10.0.19041.0

[✓] Connected device (3 available) [70ms]
    • Windows (desktop) • windows • windows-x64    • Microsoft Windows [版本 10.0.26200.8037]
    • Chrome (web)      • chrome  • web-javascript • Google Chrome 147.0.7727.56
    • Edge (web)        • edge    • web-javascript • Microsoft Edge 146.0.3856.72

[✓] Network resources [890ms]
    • All expected network resources are available.

! Doctor found issues in 2 categories.
```
